app/build/intermediates/manifest_merge_blame_file/release/processReleaseMainManifest/manifest-merger-blame-release-report.txt
1<?xml version="1.0" encoding="utf-8"?>
2<manifest xmlns:android="http://schemas.android.com/apk/res/android"
3    package="com.securescreen.app"
4    android:versionCode="1"
5    android:versionName="1.0.0" >
6
7    <uses-sdk
8        android:minSdkVersion="26"
9        android:targetSdkVersion="35" />
10
11    <queries>
11-->src\main\AndroidManifest.xml:5:5-10:15
12        <intent>
12-->src\main\AndroidManifest.xml:6:9-9:18
13            <action android:name="android.intent.action.MAIN" />
13-->src\main\AndroidManifest.xml:7:13-65
13-->src\main\AndroidManifest.xml:7:21-62
14
15            <category android:name="android.intent.category.LAUNCHER" />
15-->src\main\AndroidManifest.xml:8:13-73
15-->src\main\AndroidManifest.xml:8:23-70
16        </intent>
17    </queries>
18
19    <uses-permission android:name="android.permission.FOREGROUND_SERVICE" />
19-->src\main\AndroidManifest.xml:12:5-77
19-->src\main\AndroidManifest.xml:12:22-74
20    <uses-permission android:name="android.permission.FOREGROUND_SERVICE_DATA_SYNC" />
20-->src\main\AndroidManifest.xml:13:5-87
20-->src\main\AndroidManifest.xml:13:22-84
21    <uses-permission android:name="android.permission.PACKAGE_USAGE_STATS" />
21-->src\main\AndroidManifest.xml:14:5-16:47
21-->src\main\AndroidManifest.xml:15:9-62
22    <uses-permission android:name="android.permission.SYSTEM_ALERT_WINDOW" />
22-->src\main\AndroidManifest.xml:17:5-78
22-->src\main\AndroidManifest.xml:17:22-75
23    <uses-permission android:name="android.permission.RECEIVE_BOOT_COMPLETED" />
23-->src\main\AndroidManifest.xml:18:5-81
23-->src\main\AndroidManifest.xml:18:22-78
24    <uses-permission android:name="android.permission.POST_NOTIFICATIONS" />
24-->src\main\AndroidManifest.xml:19:5-77
24-->src\main\AndroidManifest.xml:19:22-74
25
26    <permission
26-->[androidx.core:core:1.13.1] AndroidManifest.xml:22:5-24:47
27        android:name="com.securescreen.app.DYNAMIC_RECEIVER_NOT_EXPORTED_PERMISSION"
27-->[androidx.core:core:1.13.1] AndroidManifest.xml:23:9-81
28        android:protectionLevel="signature" />
28-->[androidx.core:core:1.13.1] AndroidManifest.xml:24:9-44
29
30    <uses-permission android:name="com.securescreen.app.DYNAMIC_RECEIVER_NOT_EXPORTED_PERMISSION" />
30-->[androidx.core:core:1.13.1] AndroidManifest.xml:26:5-97
30-->[androidx.core:core:1.13.1] AndroidManifest.xml:26:22-94
31
32    <application
32-->src\main\AndroidManifest.xml:21:5-71:19
33        android:allowBackup="false"
33-->src\main\AndroidManifest.xml:22:9-36
34        android:appComponentFactory="androidx.core.app.CoreComponentFactory"
34-->[androidx.core:core:1.13.1] AndroidManifest.xml:28:18-86
35        android:dataExtractionRules="@xml/data_extraction_rules"
35-->src\main\AndroidManifest.xml:23:9-65
36        android:extractNativeLibs="false"
37        android:fullBackupContent="@xml/backup_rules"
37-->src\main\AndroidManifest.xml:24:9-54
38        android:icon="@mipmap/ic_launcher"
38-->src\main\AndroidManifest.xml:25:9-43
39        android:label="@string/app_name"
39-->src\main\AndroidManifest.xml:26:9-41
40        android:roundIcon="@mipmap/ic_launcher_round"
40-->src\main\AndroidManifest.xml:27:9-54
41        android:supportsRtl="true"
41-->src\main\AndroidManifest.xml:28:9-35
42        android:theme="@style/Theme.SecureScreen" >
42-->src\main\AndroidManifest.xml:29:9-50
43        <activity
43-->src\main\AndroidManifest.xml:31:9-34:54
44            android:name="com.securescreen.app.ui.settings.SettingsActivity"
44-->src\main\AndroidManifest.xml:32:13-57
45            android:exported="false"
45-->src\main\AndroidManifest.xml:33:13-37
46            android:label="@string/settings_title" />
46-->src\main\AndroidManifest.xml:34:13-51
47        <activity
47-->src\main\AndroidManifest.xml:36:9-43:56
48            android:name="com.securescreen.app.SecureActivity"
48-->src\main\AndroidManifest.xml:37:13-43
49            android:excludeFromRecents="true"
49-->src\main\AndroidManifest.xml:38:13-46
50            android:exported="false"
50-->src\main\AndroidManifest.xml:39:13-37
51            android:launchMode="singleTask"
51-->src\main\AndroidManifest.xml:40:13-44
52            android:noHistory="true"
52-->src\main\AndroidManifest.xml:41:13-37
53            android:taskAffinity=""
53-->src\main\AndroidManifest.xml:42:13-36
54            android:theme="@style/Theme.Transparent" />
54-->src\main\AndroidManifest.xml:43:13-53
55        <activity
55-->src\main\AndroidManifest.xml:45:9-54:20
56            android:name="com.securescreen.app.ui.main.MainActivity"
56-->src\main\AndroidManifest.xml:46:13-49
57            android:exported="true"
57-->src\main\AndroidManifest.xml:47:13-36
58            android:label="@string/app_name" >
58-->src\main\AndroidManifest.xml:48:13-45
59            <intent-filter>
59-->src\main\AndroidManifest.xml:49:13-53:29
60                <action android:name="android.intent.action.MAIN" />
60-->src\main\AndroidManifest.xml:7:13-65
60-->src\main\AndroidManifest.xml:7:21-62
61
62                <category android:name="android.intent.category.LAUNCHER" />
62-->src\main\AndroidManifest.xml:8:13-73
62-->src\main\AndroidManifest.xml:8:23-70
63            </intent-filter>
64        </activity>
65
66        <service
66-->src\main\AndroidManifest.xml:56:9-60:56
67            android:name="com.securescreen.app.service.ForegroundService"
67-->src\main\AndroidManifest.xml:57:13-54
68            android:enabled="true"
68-->src\main\AndroidManifest.xml:58:13-35
69            android:exported="false"
69-->src\main\AndroidManifest.xml:59:13-37
70            android:foregroundServiceType="dataSync" />
70-->src\main\AndroidManifest.xml:60:13-53
71
72        <receiver
72-->src\main\AndroidManifest.xml:62:9-70:20
73            android:name="com.securescreen.app.receiver.BootReceiver"
73-->src\main\AndroidManifest.xml:63:13-50
74            android:enabled="true"
74-->src\main\AndroidManifest.xml:64:13-35
75            android:exported="false" >
75-->src\main\AndroidManifest.xml:65:13-37
76            <intent-filter>
76-->src\main\AndroidManifest.xml:66:13-69:29
77                <action android:name="android.intent.action.BOOT_COMPLETED" />
77-->src\main\AndroidManifest.xml:67:17-79
77-->src\main\AndroidManifest.xml:67:25-76
78                <action android:name="android.intent.action.MY_PACKAGE_REPLACED" />
78-->src\main\AndroidManifest.xml:68:17-84
78-->src\main\AndroidManifest.xml:68:25-81
79            </intent-filter>
80        </receiver>
81
82        <provider
82-->[androidx.emoji2:emoji2:1.3.0] AndroidManifest.xml:24:9-32:20
83            android:name="androidx.startup.InitializationProvider"
83-->[androidx.emoji2:emoji2:1.3.0] AndroidManifest.xml:25:13-67
84            android:authorities="com.securescreen.app.androidx-startup"
84-->[androidx.emoji2:emoji2:1.3.0] AndroidManifest.xml:26:13-68
85            android:exported="false" >
85-->[androidx.emoji2:emoji2:1.3.0] AndroidManifest.xml:27:13-37
86            <meta-data
86-->[androidx.emoji2:emoji2:1.3.0] AndroidManifest.xml:29:13-31:52
87                android:name="androidx.emoji2.text.EmojiCompatInitializer"
87-->[androidx.emoji2:emoji2:1.3.0] AndroidManifest.xml:30:17-75
88                android:value="androidx.startup" />
88-->[androidx.emoji2:emoji2:1.3.0] AndroidManifest.xml:31:17-49
89            <meta-data
89-->[androidx.lifecycle:lifecycle-process:2.8.6] AndroidManifest.xml:29:13-31:52
90                android:name="androidx.lifecycle.ProcessLifecycleInitializer"
90-->[androidx.lifecycle:lifecycle-process:2.8.6] AndroidManifest.xml:30:17-78
91                android:value="androidx.startup" />
91-->[androidx.lifecycle:lifecycle-process:2.8.6] AndroidManifest.xml:31:17-49
92            <meta-data
92-->[androidx.profileinstaller:profileinstaller:1.3.1] AndroidManifest.xml:29:13-31:52
93                android:name="androidx.profileinstaller.ProfileInstallerInitializer"
93-->[androidx.profileinstaller:profileinstaller:1.3.1] AndroidManifest.xml:30:17-85
94                android:value="androidx.startup" />
94-->[androidx.profileinstaller:profileinstaller:1.3.1] AndroidManifest.xml:31:17-49
95        </provider>
96
97        <receiver
97-->[androidx.profileinstaller:profileinstaller:1.3.1] AndroidManifest.xml:34:9-52:20
98            android:name="androidx.profileinstaller.ProfileInstallReceiver"
98-->[androidx.profileinstaller:profileinstaller:1.3.1] AndroidManifest.xml:35:13-76
99            android:directBootAware="false"
99-->[androidx.profileinstaller:profileinstaller:1.3.1] AndroidManifest.xml:36:13-44
100            android:enabled="true"
100-->[androidx.profileinstaller:profileinstaller:1.3.1] AndroidManifest.xml:37:13-35
101            android:exported="true"
101-->[androidx.profileinstaller:profileinstaller:1.3.1] AndroidManifest.xml:38:13-36
102            android:permission="android.permission.DUMP" >
102-->[androidx.profileinstaller:profileinstaller:1.3.1] AndroidManifest.xml:39:13-57
103            <intent-filter>
103-->[androidx.profileinstaller:profileinstaller:1.3.1] AndroidManifest.xml:40:13-42:29
104                <action android:name="androidx.profileinstaller.action.INSTALL_PROFILE" />
104-->[androidx.profileinstaller:profileinstaller:1.3.1] AndroidManifest.xml:41:17-91
104-->[androidx.profileinstaller:profileinstaller:1.3.1] AndroidManifest.xml:41:25-88
105            </intent-filter>
106            <intent-filter>
106-->[androidx.profileinstaller:profileinstaller:1.3.1] AndroidManifest.xml:43:13-45:29
107                <action android:name="androidx.profileinstaller.action.SKIP_FILE" />
107-->[androidx.profileinstaller:profileinstaller:1.3.1] AndroidManifest.xml:44:17-85
107-->[androidx.profileinstaller:profileinstaller:1.3.1] AndroidManifest.xml:44:25-82
108            </intent-filter>
109            <intent-filter>
109-->[androidx.profileinstaller:profileinstaller:1.3.1] AndroidManifest.xml:46:13-48:29
110                <action android:name="androidx.profileinstaller.action.SAVE_PROFILE" />
110-->[androidx.profileinstaller:profileinstaller:1.3.1] AndroidManifest.xml:47:17-88
110-->[androidx.profileinstaller:profileinstaller:1.3.1] AndroidManifest.xml:47:25-85
111            </intent-filter>
112            <intent-filter>
112-->[androidx.profileinstaller:profileinstaller:1.3.1] AndroidManifest.xml:49:13-51:29
113                <action android:name="androidx.profileinstaller.action.BENCHMARK_OPERATION" />
113-->[androidx.profileinstaller:profileinstaller:1.3.1] AndroidManifest.xml:50:17-95
113-->[androidx.profileinstaller:profileinstaller:1.3.1] AndroidManifest.xml:50:25-92
114            </intent-filter>
115        </receiver>
116    </application>
117
118</manifest>